<?xml version="1.0" encoding="UTF-8" ?>
<testsuite failures="0" time="5.342" errors="0" skipped="0" tests="9" name="service.ContactServiceTest">
  <properties>
[...]
</properties>
  <testcase time="0.03" classname="service.ContactServiceTest" name="testNomTropCourt"/>
  <testcase time="0" classname="service.ContactServiceTest" name="testModifierContactInexistant"/>
  <testcase time="0" classname="service.ContactServiceTest" name="testModifierContactExistantAvecNouveauOk"/>
  <testcase time="0" classname="service.ContactServiceTest" name="testCasDoublon"/>
  <testcase time="0.02" classname="service.ContactServiceTest" name="testCasNormal"/>
  <testcase time="0" classname="service.ContactServiceTest" name="testModifierContactExistantMaisNouveauNomDejaPris"/>
  <testcase time="5.012" classname="service.ContactServiceTest" name="testNomTropLong"/>
  <testcase time="0" classname="service.ContactServiceTest" name="testNomNull"/>
  <testcase time="0" classname="service.ContactServiceTest" name="testNomVide"/>
</testsuite>